<?xml version="1.0" encoding="UTF-8"?>
<testng-results ignored="0" total="1" passed="1" failed="0" skipped="0">
  <reporter-output>
  </reporter-output>
  <suite started-at="2021-07-20T20:18:42Z" name="Default suite" finished-at="2021-07-20T20:18:51Z" duration-ms="8758">
    <groups>
    </groups>
    <test started-at="2021-07-20T20:18:42Z" name="Default test" finished-at="2021-07-20T20:18:51Z" duration-ms="8758">
      <class name="com.rmg.createProject_4ways.Way3">
        <test-method signature="jsonObject()[pri:0, instance:com.rmg.createProject_4ways.Way3@3406472c]" started-at="2021-07-20T20:18:42Z" name="jsonObject" finished-at="2021-07-20T20:18:51Z" duration-ms="8667" status="PASS">
          <reporter-output>
          </reporter-output>
        </test-method> <!-- jsonObject -->
      </class> <!-- com.rmg.createProject_4ways.Way3 -->
    </test> <!-- Default test -->
  </suite> <!-- Default suite -->
</testng-results>
